Arguments: 
  /Users/admin/.nvm/versions/node/v14.15.1/bin/node /usr/local/Cellar/yarn/1.22.10/libexec/bin/yarn.js start

PATH: 
  /Users/admin/.nvm/versions/node/v14.15.1/bin:/Users/admin/.nvm/versions/node/v14.15.1/bin:/usr/local/bin:/usr/bin:/bin:/usr/sbin:/sbin:/Library/Apple/usr/bin:/Users/admin/.nvm/versions/node/v14.15.1/bin:/Users/admin/bin:/Users/admin/bin

Yarn version: 
  1.22.10

Node version: 
  14.15.1

Platform: 
  darwin x64

Trace: 
  SyntaxError: /Users/admin/Projects/Private/sudoku-resolver/package.json: Unexpected token s in JSON at position 114
      at JSON.parse (<anonymous>)
      at /usr/local/Cellar/yarn/1.22.10/libexec/lib/cli.js:1625:59
      at Generator.next (<anonymous>)
      at step (/usr/local/Cellar/yarn/1.22.10/libexec/lib/cli.js:310:30)
      at /usr/local/Cellar/yarn/1.22.10/libexec/lib/cli.js:321:13

npm manifest: 
  {
    "name": "sudoku-resolver",
    "version": "1.0.0",
    "main": "index.js",
    "license": "MIT",
    "scripts": {
      start: "node index.js"
    }
  }

yarn manifest: 
  No manifest

Lockfile: 
  No lockfile
